2018-07-09 19:15:45 INFO  DataAccessUtility:26 - Getting updated stats for player Tom Brady
2018-07-09 19:15:45 INFO  DataAccessUtility:26 - Getting updated stats for player Dalvin Cook
2018-07-09 19:15:45 INFO  DataAccessUtility:26 - Getting updated stats for player Antonio Brown
2018-07-09 19:15:45 INFO  DataAccessUtility:26 - Getting updated stats for player Aaron Rodgers
2018-07-09 19:15:45 INFO  DataAccessUtility:26 - Getting updated stats for player Todd Gurley
2018-07-09 19:15:45 INFO  DataAccessUtility:26 - Getting updated stats for player Julio Jones
2018-07-09 19:15:45 INFO  DataAccessUtility:105 - Updating stats for user 0
2018-07-09 19:21:02 INFO  DataAccessUtility:26 - Getting updated stats for player Tom Brady
2018-07-09 19:21:03 INFO  DataAccessUtility:26 - Getting updated stats for player Dalvin Cook
2018-07-09 19:21:03 INFO  DataAccessUtility:26 - Getting updated stats for player Antonio Brown
2018-07-09 19:21:03 INFO  DataAccessUtility:26 - Getting updated stats for player Aaron Rodgers
2018-07-09 19:21:03 INFO  DataAccessUtility:26 - Getting updated stats for player Todd Gurley
2018-07-09 19:21:03 INFO  DataAccessUtility:26 - Getting updated stats for player Julio Jones
2018-07-09 19:21:03 INFO  DataAccessUtility:105 - Updating stats for user 0
2018-07-09 19:21:03 INFO  DataAccessUtility:105 - Updating stats for user 1
2018-07-09 19:21:25 INFO  MatchupExecutorController:39 - Initializing matchup...
2018-07-09 19:22:26 INFO  MatchupExecutorController:39 - Initializing matchup...
2018-07-09 19:25:48 INFO  MatchupExecutorController:39 - Initializing matchup...
2018-07-09 19:27:15 INFO  MatchupExecutorController:39 - Initializing matchup...
2018-07-09 19:27:40 INFO  DataAccessUtility:49 - Getting updated stats for user 1
2018-07-09 19:27:41 INFO  DataAccessUtility:49 - Getting updated stats for user 0
2018-07-09 19:29:21 INFO  DataAccessUtility:26 - Getting updated stats for player Tom Brady
2018-07-09 19:29:21 INFO  DataAccessUtility:26 - Getting updated stats for player Dalvin Cook
2018-07-09 19:29:21 INFO  DataAccessUtility:26 - Getting updated stats for player Antonio Brown
2018-07-09 19:29:21 INFO  DataAccessUtility:26 - Getting updated stats for player Aaron Rodgers
2018-07-09 19:29:21 INFO  DataAccessUtility:26 - Getting updated stats for player Todd Gurley
2018-07-09 19:29:21 INFO  DataAccessUtility:26 - Getting updated stats for player Julio Jones
2018-07-09 19:29:21 INFO  DataAccessUtility:105 - Updating stats for user 0
2018-07-09 19:29:21 INFO  DataAccessUtility:105 - Updating stats for user 1
2018-07-09 19:30:38 INFO  MatchupExecutorController:39 - Initializing matchup...
2018-07-09 19:31:19 INFO  DataAccessUtility:49 - Getting updated stats for user 0
2018-07-09 19:38:05 INFO  MatchupExecutorController:39 - Initializing matchup...
2018-07-09 19:38:16 INFO  DataAccessUtility:49 - Getting updated stats for user 0
2018-07-09 19:41:37 INFO  MatchupExecutorController:39 - Initializing matchup...
2018-07-09 19:41:37 INFO  DataAccessUtility:49 - Getting updated stats for user 0
2018-07-09 19:44:42 INFO  MatchupExecutorController:39 - Initializing matchup...
2018-07-09 19:44:42 INFO  DataAccessUtility:49 - Getting updated stats for user 0
2018-07-09 19:45:03 INFO  MatchupExecutorController:39 - Initializing matchup...
2018-07-09 19:45:03 INFO  DataAccessUtility:49 - Getting updated stats for user 0
2018-07-09 19:46:09 INFO  DataAccessUtility:26 - Getting updated stats for player Tom Brady
2018-07-09 19:46:09 INFO  DataAccessUtility:26 - Getting updated stats for player Dalvin Cook
2018-07-09 19:46:09 INFO  DataAccessUtility:26 - Getting updated stats for player Antonio Brown
2018-07-09 19:46:09 INFO  DataAccessUtility:26 - Getting updated stats for player Aaron Rodgers
2018-07-09 19:46:09 INFO  DataAccessUtility:26 - Getting updated stats for player Todd Gurley
2018-07-09 19:46:09 INFO  DataAccessUtility:26 - Getting updated stats for player Julio Jones
2018-07-09 19:46:09 INFO  DataAccessUtility:105 - Updating stats for user 0
2018-07-09 19:46:30 INFO  DataAccessUtility:105 - Updating stats for user 1
2018-07-09 19:47:24 INFO  MatchupExecutorController:39 - Initializing matchup...
2018-07-09 19:47:24 INFO  DataAccessUtility:49 - Getting updated stats for user 0
2018-07-09 19:47:35 INFO  DataAccessUtility:49 - Getting updated stats for user 1
2018-07-09 19:47:36 INFO  MatchupExecutorController:43 - Applying modifiers to users in matchup...
2018-07-09 19:49:37 INFO  MatchupExecutorController:39 - Initializing matchup...
2018-07-09 19:49:37 INFO  DataAccessUtility:49 - Getting updated stats for user 0
2018-07-09 19:49:37 INFO  DataAccessUtility:49 - Getting updated stats for user 1
2018-07-09 19:49:37 INFO  MatchupExecutorController:43 - Applying modifiers to users in matchup...
2018-07-09 19:50:52 INFO  MatchupExecutorController:39 - Initializing matchup...
2018-07-09 19:50:52 INFO  DataAccessUtility:49 - Getting updated stats for user 0
2018-07-09 19:50:52 INFO  DataAccessUtility:49 - Getting updated stats for user 1
2018-07-09 19:50:52 INFO  MatchupExecutorController:43 - Applying modifiers to users in matchup...
2018-07-09 19:51:29 INFO  MatchupExecutorController:39 - Initializing matchup...
2018-07-09 19:51:29 INFO  DataAccessUtility:49 - Getting updated stats for user 0
2018-07-09 19:51:29 INFO  DataAccessUtility:49 - Getting updated stats for user 1
2018-07-09 19:51:29 INFO  MatchupExecutorController:43 - Applying modifiers to users in matchup...
2018-07-09 19:52:09 INFO  MatchupExecutorController:39 - Initializing matchup...
2018-07-09 19:52:09 INFO  DataAccessUtility:49 - Getting updated stats for user 0
2018-07-09 19:52:39 INFO  DataAccessUtility:49 - Getting updated stats for user 1
2018-07-09 19:52:40 INFO  MatchupExecutorController:43 - Applying modifiers to users in matchup...
2018-07-09 19:52:46 INFO  DataAccessUtility:26 - Getting updated stats for player Tom Brady
2018-07-09 19:52:46 INFO  DataAccessUtility:26 - Getting updated stats for player Dalvin Cook
2018-07-09 19:52:46 INFO  DataAccessUtility:26 - Getting updated stats for player Antonio Brown
2018-07-09 19:52:46 INFO  DataAccessUtility:26 - Getting updated stats for player Aaron Rodgers
2018-07-09 19:52:46 INFO  DataAccessUtility:26 - Getting updated stats for player Todd Gurley
2018-07-09 19:52:46 INFO  DataAccessUtility:26 - Getting updated stats for player Julio Jones
2018-07-09 19:52:46 INFO  DataAccessUtility:105 - Updating stats for user 0
2018-07-09 19:52:46 INFO  DataAccessUtility:105 - Updating stats for user 1
2018-07-09 19:52:57 INFO  MatchupExecutorController:39 - Initializing matchup...
2018-07-09 19:52:57 INFO  DataAccessUtility:49 - Getting updated stats for user 0
2018-07-09 19:53:03 INFO  DataAccessUtility:49 - Getting updated stats for user 1
2018-07-09 19:53:04 INFO  MatchupExecutorController:43 - Applying modifiers to users in matchup...
2018-07-09 19:53:25 INFO  DataAccessUtility:26 - Getting updated stats for player Tom Brady
2018-07-09 19:53:25 INFO  DataAccessUtility:26 - Getting updated stats for player Dalvin Cook
2018-07-09 19:53:25 INFO  DataAccessUtility:26 - Getting updated stats for player Antonio Brown
2018-07-09 19:53:25 INFO  DataAccessUtility:26 - Getting updated stats for player Aaron Rodgers
2018-07-09 19:53:25 INFO  DataAccessUtility:26 - Getting updated stats for player Todd Gurley
2018-07-09 19:53:25 INFO  DataAccessUtility:26 - Getting updated stats for player Julio Jones
2018-07-09 19:53:25 INFO  DataAccessUtility:105 - Updating stats for user 0
2018-07-09 19:53:25 INFO  DataAccessUtility:105 - Updating stats for user 1
2018-07-09 19:53:44 INFO  DataAccessUtility:26 - Getting updated stats for player Tom Brady
2018-07-09 19:53:44 INFO  DataAccessUtility:26 - Getting updated stats for player Dalvin Cook
2018-07-09 19:53:44 INFO  DataAccessUtility:26 - Getting updated stats for player Antonio Brown
2018-07-09 19:53:44 INFO  DataAccessUtility:26 - Getting updated stats for player Aaron Rodgers
2018-07-09 19:53:44 INFO  DataAccessUtility:26 - Getting updated stats for player Todd Gurley
2018-07-09 19:53:44 INFO  DataAccessUtility:26 - Getting updated stats for player Julio Jones
2018-07-09 19:53:44 INFO  DataAccessUtility:105 - Updating stats for user 0
2018-07-09 19:53:44 INFO  DataAccessUtility:105 - Updating stats for user 1
2018-07-09 19:55:43 INFO  MatchupExecutorController:39 - Initializing matchup...
2018-07-09 19:55:43 INFO  DataAccessUtility:49 - Getting updated stats for user 0
2018-07-09 19:55:44 INFO  DataAccessUtility:49 - Getting updated stats for user 1
2018-07-09 19:55:45 INFO  MatchupExecutorController:43 - Applying modifiers to users in matchup...
2018-07-09 19:55:59 INFO  MatchupExecutorController:47 - Processing matchup results...
2018-07-09 19:57:24 INFO  MatchupExecutorController:39 - Initializing matchup...
2018-07-09 19:57:24 INFO  DataAccessUtility:49 - Getting updated stats for user 0
2018-07-09 19:57:27 INFO  DataAccessUtility:49 - Getting updated stats for user 1
2018-07-09 19:57:27 INFO  MatchupExecutorController:43 - Applying modifiers to users in matchup...
2018-07-09 19:57:27 INFO  MatchupExecutorController:47 - Processing matchup results...
2018-07-09 19:58:00 INFO  MatchupExecutorController:39 - Initializing matchup...
2018-07-09 19:58:00 INFO  DataAccessUtility:49 - Getting updated stats for user 0
2018-07-09 19:58:01 INFO  DataAccessUtility:49 - Getting updated stats for user 1
2018-07-09 19:58:02 INFO  MatchupExecutorController:43 - Applying modifiers to users in matchup...
2018-07-09 19:58:02 INFO  MatchupExecutorController:47 - Processing matchup results...
2018-07-09 19:58:09 INFO  MatchupExecutorController:39 - Initializing matchup...
2018-07-09 19:58:09 INFO  DataAccessUtility:49 - Getting updated stats for user 0
2018-07-09 19:58:13 INFO  DataAccessUtility:49 - Getting updated stats for user 1
2018-07-09 19:58:13 INFO  MatchupExecutorController:43 - Applying modifiers to users in matchup...
2018-07-09 19:58:13 INFO  MatchupExecutorController:47 - Processing matchup results...
2018-07-11 15:14:09 INFO  MatchupExecutorController:35 - Initializing matchup...
2018-07-11 15:14:09 INFO  DataAccessUtility:49 - Getting updated stats for user 0
2018-07-11 15:14:09 INFO  DataAccessUtility:49 - Getting updated stats for user 1
2018-07-11 15:14:09 INFO  MatchupExecutorController:39 - Applying modifiers to users in matchup...
2018-07-11 15:14:33 INFO  MatchupExecutorController:43 - Processing matchup results...
2018-07-11 15:17:36 INFO  MatchupExecutorController:35 - Initializing matchup...
2018-07-11 15:17:36 INFO  DataAccessUtility:49 - Getting updated stats for user 0
2018-07-11 15:17:36 INFO  DataAccessUtility:49 - Getting updated stats for user 1
2018-07-11 15:17:36 INFO  MatchupExecutorController:39 - Applying modifiers to users in matchup...
2018-07-11 15:17:49 INFO  MatchupExecutorController:43 - Processing matchup results...
2018-07-11 15:26:18 INFO  MatchupExecutorController:35 - Initializing matchup...
2018-07-11 15:26:18 INFO  DataAccessUtility:49 - Getting updated stats for user 0
2018-07-11 15:26:18 INFO  DataAccessUtility:49 - Getting updated stats for user 1
2018-07-11 15:26:18 INFO  MatchupExecutorController:39 - Applying modifiers to users in matchup...
2018-07-11 15:28:17 INFO  MatchupExecutorController:35 - Initializing matchup...
2018-07-11 15:28:17 INFO  DataAccessUtility:49 - Getting updated stats for user 0
2018-07-11 15:28:17 INFO  DataAccessUtility:49 - Getting updated stats for user 1
2018-07-11 15:28:17 INFO  MatchupExecutorController:39 - Applying modifiers to users in matchup...
2018-07-11 15:28:17 INFO  MatchupExecutorController:43 - Processing matchup results...
2018-07-11 15:28:27 INFO  MatchupExecutorController:35 - Initializing matchup...
2018-07-11 15:28:27 INFO  DataAccessUtility:49 - Getting updated stats for user 0
2018-07-11 15:28:27 INFO  DataAccessUtility:49 - Getting updated stats for user 1
2018-07-11 15:28:27 INFO  MatchupExecutorController:39 - Applying modifiers to users in matchup...
2018-07-11 15:28:27 INFO  MatchupExecutorController:43 - Processing matchup results...
2018-07-11 15:33:14 INFO  MatchupExecutorController:35 - Initializing matchup...
2018-07-11 15:33:14 INFO  DataAccessUtility:49 - Getting updated stats for user 0
2018-07-11 15:33:15 INFO  DataAccessUtility:49 - Getting updated stats for user 1
2018-07-11 15:33:15 INFO  MatchupExecutorController:39 - Applying modifiers to users in matchup...
2018-07-11 15:33:15 INFO  MatchupExecutorController:43 - Processing matchup results...
2018-07-11 15:39:27 INFO  MatchupExecutorController:35 - Initializing matchup...
2018-07-11 15:39:27 INFO  DataAccessUtility:49 - Getting updated stats for user 0
2018-07-11 15:39:27 INFO  DataAccessUtility:49 - Getting updated stats for user 1
2018-07-11 15:39:27 INFO  MatchupExecutorController:39 - Applying modifiers to users in matchup...
2018-07-11 15:39:27 INFO  MatchupExecutorController:43 - Processing matchup results...
2018-07-11 15:41:39 INFO  MatchupExecutorController:35 - Initializing matchup...
2018-07-11 15:41:39 INFO  DataAccessUtility:49 - Getting updated stats for user 0
2018-07-11 15:41:39 INFO  DataAccessUtility:49 - Getting updated stats for user 1
2018-07-11 15:41:39 INFO  MatchupExecutorController:39 - Applying modifiers to users in matchup...
2018-07-11 15:41:39 INFO  MatchupExecutorController:43 - Processing matchup results...
2018-07-11 15:43:56 INFO  MatchupExecutorController:35 - Initializing matchup...
2018-07-11 15:43:56 INFO  DataAccessUtility:49 - Getting updated stats for user 0
2018-07-11 15:43:56 INFO  DataAccessUtility:49 - Getting updated stats for user 1
2018-07-11 15:43:56 INFO  MatchupExecutorController:39 - Applying modifiers to users in matchup...
2018-07-11 15:48:05 INFO  MatchupExecutorController:35 - Initializing matchup...
2018-07-11 15:48:05 INFO  DataAccessUtility:49 - Getting updated stats for user 0
2018-07-11 15:48:05 INFO  DataAccessUtility:49 - Getting updated stats for user 1
2018-07-11 15:48:05 INFO  MatchupExecutorController:39 - Applying modifiers to users in matchup...
2018-07-11 15:48:09 INFO  MatchupExecutorController:43 - Processing matchup results...
2018-07-11 15:50:10 INFO  MatchupExecutorController:35 - Initializing matchup...
2018-07-11 15:50:10 INFO  DataAccessUtility:49 - Getting updated stats for user 0
2018-07-11 15:50:10 INFO  DataAccessUtility:49 - Getting updated stats for user 1
2018-07-11 15:50:10 INFO  MatchupExecutorController:39 - Applying modifiers to users in matchup...
2018-07-11 15:50:56 INFO  MatchupExecutorController:43 - Processing matchup results...
2018-07-11 15:53:15 INFO  MatchupExecutorController:35 - Initializing matchup...
2018-07-11 15:53:15 INFO  DataAccessUtility:49 - Getting updated stats for user 0
2018-07-11 15:53:15 INFO  DataAccessUtility:49 - Getting updated stats for user 1
2018-07-11 15:53:15 INFO  MatchupExecutorController:39 - Applying modifiers to users in matchup...
2018-07-11 15:56:26 INFO  MatchupExecutorController:35 - Initializing matchup...
2018-07-11 15:56:26 INFO  DataAccessUtility:49 - Getting updated stats for user 0
2018-07-11 15:56:26 INFO  DataAccessUtility:49 - Getting updated stats for user 1
2018-07-11 15:56:26 INFO  MatchupExecutorController:39 - Applying modifiers to users in matchup...
2018-07-11 15:56:31 INFO  MatchupExecutorController:43 - Processing matchup results...
2018-07-11 15:56:54 INFO  MatchupExecutorController:43 - Processing matchup results...
